{"/Users/draz/my_course/modern_web/5.0.actionreducer/src/immutable.js": {"path":"/Users/draz/my_course/modern_web/5.0.actionreducer/src/immutable.js","statementMap":{"0":{"start":{"line":1,"column":47},"end":{"line":1,"column":198}},"1":{"start":{"line":1,"column":72},"end":{"line":1,"column":154}},"2":{"start":{"line":1,"column":136},"end":{"line":1,"column":153}},"3":{"start":{"line":1,"column":154},"end":{"line":1,"column":166}},"4":{"start":{"line":1,"column":174},"end":{"line":1,"column":197}},"5":{"start":{"line":2,"column":0},"end":{"line":4,"column":2}},"6":{"start":{"line":3,"column":2},"end":{"line":3,"column":54}},"7":{"start":{"line":6,"column":0},"end":{"line":9,"column":2}},"8":{"start":{"line":7,"column":14},"end":{"line":7,"column":33}},"9":{"start":{"line":8,"column":2},"end":{"line":8,"column":64}},"10":{"start":{"line":11,"column":0},"end":{"line":13,"column":2}},"11":{"start":{"line":12,"column":2},"end":{"line":12,"column":43}},"12":{"start":{"line":15,"column":0},"end":{"line":17,"column":2}},"13":{"start":{"line":16,"column":2},"end":{"line":16,"column":112}},"14":{"start":{"line":20,"column":0},"end":{"line":22,"column":2}},"15":{"start":{"line":21,"column":2},"end":{"line":21,"column":116}},"16":{"start":{"line":24,"column":0},"end":{"line":32,"column":2}},"17":{"start":{"line":25,"column":2},"end":{"line":31,"column":5}},"18":{"start":{"line":26,"column":4},"end":{"line":30,"column":5}},"19":{"start":{"line":27,"column":6},"end":{"line":27,"column":22}},"20":{"start":{"line":29,"column":6},"end":{"line":29,"column":18}},"21":{"start":{"line":34,"column":0},"end":{"line":36,"column":2}},"22":{"start":{"line":35,"column":2},"end":{"line":35,"column":47}}},"fnMap":{"0":{"name":"_toConsumableArray","decl":{"start":{"line":1,"column":22},"end":{"line":1,"column":40}},"loc":{"start":{"line":1,"column":46},"end":{"line":1,"column":199}}},"1":{"name":"(anonymous_1)","decl":{"start":{"line":2,"column":18},"end":{"line":2,"column":19}},"loc":{"start":{"line":2,"column":41},"end":{"line":4,"column":1}}},"2":{"name":"(anonymous_2)","decl":{"start":{"line":6,"column":21},"end":{"line":6,"column":22}},"loc":{"start":{"line":6,"column":44},"end":{"line":9,"column":1}}},"3":{"name":"(anonymous_3)","decl":{"start":{"line":11,"column":28},"end":{"line":11,"column":29}},"loc":{"start":{"line":11,"column":52},"end":{"line":13,"column":1}}},"4":{"name":"(anonymous_4)","decl":{"start":{"line":15,"column":25},"end":{"line":15,"column":26}},"loc":{"start":{"line":15,"column":55},"end":{"line":17,"column":1}}},"5":{"name":"(anonymous_5)","decl":{"start":{"line":20,"column":25},"end":{"line":20,"column":26}},"loc":{"start":{"line":20,"column":55},"end":{"line":22,"column":1}}},"6":{"name":"(anonymous_6)","decl":{"start":{"line":24,"column":22},"end":{"line":24,"column":23}},"loc":{"start":{"line":24,"column":55},"end":{"line":32,"column":1}}},"7":{"name":"(anonymous_7)","decl":{"start":{"line":25,"column":19},"end":{"line":25,"column":20}},"loc":{"start":{"line":25,"column":35},"end":{"line":31,"column":3}}},"8":{"name":"(anonymous_8)","decl":{"start":{"line":34,"column":16},"end":{"line":34,"column":17}},"loc":{"start":{"line":34,"column":46},"end":{"line":36,"column":1}}}},"branchMap":{"0":{"loc":{"start":{"line":1,"column":47},"end":{"line":1,"column":198}},"type":"if","locations":[{"start":{"line":1,"column":47},"end":{"line":1,"column":198}},{"start":{"line":1,"column":47},"end":{"line":1,"column":198}}]},"1":{"loc":{"start":{"line":26,"column":4},"end":{"line":30,"column":5}},"type":"if","locations":[{"start":{"line":26,"column":4},"end":{"line":30,"column":5}},{"start":{"line":26,"column":4},"end":{"line":30,"column":5}}]}},"s":{"0":0,"1":0,"2":0,"3":0,"4":0,"5":0,"6":0,"7":0,"8":0,"9":0,"10":0,"11":0,"12":0,"13":0,"14":0,"15":0,"16":0,"17":0,"18":0,"19":0,"20":0,"21":0,"22":0},"f":{"0":0,"1":0,"2":0,"3":0,"4":0,"5":0,"6":0,"7":0,"8":0},"b":{"0":[0,0],"1":[0,0]}}
,"/Users/draz/my_course/modern_web/5.0.actionreducer/src/sum.js": {"path":"/Users/draz/my_course/modern_web/5.0.actionreducer/src/sum.js","statementMap":{"0":{"start":{"line":1,"column":10},"end":{"line":1,"column":25}},"1":{"start":{"line":1,"column":20},"end":{"line":1,"column":25}},"2":{"start":{"line":3,"column":0},"end":{"line":3,"column":20}}},"fnMap":{"0":{"name":"(anonymous_0)","decl":{"start":{"line":1,"column":10},"end":{"line":1,"column":11}},"loc":{"start":{"line":1,"column":20},"end":{"line":1,"column":25}}}},"branchMap":{},"s":{"0":1,"1":1,"2":1},"f":{"0":1},"b":{},"_coverageSchema":"332fd63041d2c1bcb487cc26dd0d5f7d97098a6c","hash":"c170fd29c826a2ddb0844bdd7d0c581fffac20ab"}
,"/Users/draz/my_course/modern_web/5.0.actionreducer/src/utils.js": {"path":"/Users/draz/my_course/modern_web/5.0.actionreducer/src/utils.js","statementMap":{"0":{"start":{"line":2,"column":0},"end":{"line":6,"column":1}},"1":{"start":{"line":3,"column":2},"end":{"line":5,"column":3}},"2":{"start":{"line":4,"column":4},"end":{"line":4,"column":32}},"3":{"start":{"line":8,"column":0},"end":{"line":10,"column":1}},"4":{"start":{"line":9,"column":2},"end":{"line":9,"column":14}},"5":{"start":{"line":12,"column":0},"end":{"line":14,"column":1}},"6":{"start":{"line":13,"column":2},"end":{"line":13,"column":15}},"7":{"start":{"line":16,"column":0},"end":{"line":18,"column":1}},"8":{"start":{"line":17,"column":2},"end":{"line":17,"column":14}}},"fnMap":{"0":{"name":"(anonymous_0)","decl":{"start":{"line":2,"column":18},"end":{"line":2,"column":19}},"loc":{"start":{"line":2,"column":45},"end":{"line":6,"column":1}}},"1":{"name":"(anonymous_1)","decl":{"start":{"line":8,"column":14},"end":{"line":8,"column":15}},"loc":{"start":{"line":8,"column":35},"end":{"line":10,"column":1}}},"2":{"name":"(anonymous_2)","decl":{"start":{"line":12,"column":17},"end":{"line":12,"column":18}},"loc":{"start":{"line":12,"column":38},"end":{"line":14,"column":1}}},"3":{"name":"(anonymous_3)","decl":{"start":{"line":16,"column":17},"end":{"line":16,"column":18}},"loc":{"start":{"line":16,"column":51},"end":{"line":18,"column":1}}}},"branchMap":{},"s":{"0":1,"1":1,"2":5,"3":1,"4":1,"5":1,"6":1,"7":1,"8":4},"f":{"0":1,"1":1,"2":1,"3":4},"b":{},"_coverageSchema":"332fd63041d2c1bcb487cc26dd0d5f7d97098a6c","hash":"e4984e6884ac483b7d8856b945f2f4d4adad53b6"}
}
